<?xml version="1.0" encoding="UTF-8"?>
<testsuite xmlns:xsi="http://www.w3.org/2001/XMLSchema-instance" xsi:noNamespaceSchemaLocation="https://maven.apache.org/surefire/maven-surefire-plugin/xsd/surefire-test-report.xsd" name="demo.src.test.java.com.example.CreditCardTest" time="0.147" tests="14" errors="0" skipped="0" failures="0">
  <properties>
[...]
</properties>
  <testcase name="testMakeTransactionWithNegativeAmount" classname="demo.src.test.java.com.example.CreditCardTest" time="0.009"/>
  <testcase name="testAddFundsNegativeAmount" classname="demo.src.test.java.com.example.CreditCardTest" time="0"/>
  <testcase name="testGetTransactions" classname="demo.src.test.java.com.example.CreditCardTest" time="0"/>
  <testcase name="testAddFunds" classname="demo.src.test.java.com.example.CreditCardTest" time="0.004"/>
  <testcase name="testGetCardHolderName" classname="demo.src.test.java.com.example.CreditCardTest" time="0.001"/>
  <testcase name="testMakePayment" classname="demo.src.test.java.com.example.CreditCardTest" time="0.002"/>
  <testcase name="testGetBalance" classname="demo.src.test.java.com.example.CreditCardTest" time="0.001"/>
  <testcase name="testMakeTransactionWithInsufficientFunds" classname="demo.src.test.java.com.example.CreditCardTest" time="0.002"/>
  <testcase name="testGetExpirationDate" classname="demo.src.test.java.com.example.CreditCardTest" time="0.001"/>
  <testcase name="testGetCvv" classname="demo.src.test.java.com.example.CreditCardTest" time="0.001"/>
  <testcase name="testMakePaymentWithNegativeAmount" classname="demo.src.test.java.com.example.CreditCardTest" time="0.001"/>
  <testcase name="testMakeTransaction" classname="demo.src.test.java.com.example.CreditCardTest" time="0.001"/>
  <testcase name="testGetMovements" classname="demo.src.test.java.com.example.CreditCardTest" time="0.001"/>
  <testcase name="testGetCardNumber" classname="demo.src.test.java.com.example.CreditCardTest" time="0"/>
</testsuite>